--------------- Rebuild Started: 03/23/2019 13:33:35 Project: EInkDisplay_Rev02, Configuration: ARM GCC 5.4-2016-q2-update Debug ---------------
Deleting file ".\CortexM0p\ARM_GCC_541\Debug\startup_psoc6_01_cm0plus.o"
Deleting file ".\CortexM0p\ARM_GCC_541\Debug\main_cm0p.o"
Deleting file ".\CortexM0p\ARM_GCC_541\Debug\system_psoc6_cm0plus.o"
Deleting file ".\CortexM0p\ARM_GCC_541\Debug\pervasive_eink_hardware_driver.o"
Deleting file ".\CortexM0p\ARM_GCC_541\Debug\cy_eink_library.o"
Deleting file ".\CortexM0p\ARM_GCC_541\Debug\cy_eink_psoc_interface.o"
Deleting file ".\CortexM0p\ARM_GCC_541\Debug\GUIConf.o"
Deleting file ".\CortexM0p\ARM_GCC_541\Debug\GUI_X.o"
Deleting file ".\CortexM0p\ARM_GCC_541\Debug\LCDConf.o"
Deleting file ".\CortexM0p\ARM_GCC_541\Debug\cyfitter_sysint_cfg.o"
Deleting file ".\CortexM0p\ARM_GCC_541\Debug\cyfitter_cfg.o"
Deleting file ".\CortexM0p\ARM_GCC_541\Debug\cymetadata.o"
Deleting file ".\CortexM0p\ARM_GCC_541\Debug\CY_EINK_SPIM.o"
Deleting file ".\CortexM0p\ARM_GCC_541\Debug\CY_EINK_Timer.o"
Deleting file ".\CortexM0p\ARM_GCC_541\Debug\Status_SW2.o"
Deleting file ".\CortexM0p\ARM_GCC_541\Debug\cy_efuse.o"
Deleting file ".\CortexM0p\ARM_GCC_541\Debug\cy_flash.o"
Deleting file ".\CortexM0p\ARM_GCC_541\Debug\cy_gpio.o"
Deleting file ".\CortexM0p\ARM_GCC_541\Debug\cy_ipc_drv.o"
Deleting file ".\CortexM0p\ARM_GCC_541\Debug\cy_ipc_sema.o"
Deleting file ".\CortexM0p\ARM_GCC_541\Debug\cy_ipc_pipe.o"
Deleting file ".\CortexM0p\ARM_GCC_541\Debug\cy_lvd.o"
Deleting file ".\CortexM0p\ARM_GCC_541\Debug\cy_profile.o"
Deleting file ".\CortexM0p\ARM_GCC_541\Debug\cy_prot.o"
Deleting file ".\CortexM0p\ARM_GCC_541\Debug\cy_scb_common.o"
Deleting file ".\CortexM0p\ARM_GCC_541\Debug\cy_scb_i2c.o"
Deleting file ".\CortexM0p\ARM_GCC_541\Debug\cy_scb_ezi2c.o"
Deleting file ".\CortexM0p\ARM_GCC_541\Debug\cy_scb_spi.o"
Deleting file ".\CortexM0p\ARM_GCC_541\Debug\cy_scb_uart.o"
Deleting file ".\CortexM0p\ARM_GCC_541\Debug\cy_sysanalog.o"
Deleting file ".\CortexM0p\ARM_GCC_541\Debug\cy_sysclk.o"
Deleting file ".\CortexM0p\ARM_GCC_541\Debug\cy_sysint.o"
Deleting file ".\CortexM0p\ARM_GCC_541\Debug\cy_syslib.o"
Deleting file ".\CortexM0p\ARM_GCC_541\Debug\cy_syslib_gcc.o"
Deleting file ".\CortexM0p\ARM_GCC_541\Debug\cy_syspm.o"
Deleting file ".\CortexM0p\ARM_GCC_541\Debug\cy_systick.o"
Deleting file ".\CortexM0p\ARM_GCC_541\Debug\cy_tcpwm_counter.o"
Deleting file ".\CortexM0p\ARM_GCC_541\Debug\cy_tcpwm_pwm.o"
Deleting file ".\CortexM0p\ARM_GCC_541\Debug\cy_tcpwm_quaddec.o"
Deleting file ".\CortexM0p\ARM_GCC_541\Debug\cy_trigmux.o"
Deleting file ".\CortexM0p\ARM_GCC_541\Debug\cy_wdt.o"
Deleting file ".\CortexM0p\ARM_GCC_541\Debug\cy_device.o"
Deleting file ".\CortexM0p\ARM_GCC_541\Debug\cy_ble.o"
Deleting file ".\CortexM0p\ARM_GCC_541\Debug\cy_ble_hal_int.o"
Deleting file ".\CortexM0p\ARM_GCC_541\Debug\cy_ble_hal_pvt.o"
Deleting file ".\CortexM0p\ARM_GCC_541\Debug\cy_ble_gap.o"
Deleting file ".\CortexM0p\ARM_GCC_541\Debug\cy_ble_gatt.o"
Deleting file ".\CortexM0p\ARM_GCC_541\Debug\cy_ble_event_handler.o"
Deleting file ".\CortexM0p\ARM_GCC_541\Debug\cy_ble_ancs.o"
Deleting file ".\CortexM0p\ARM_GCC_541\Debug\cy_ble_ans.o"
Deleting file ".\CortexM0p\ARM_GCC_541\Debug\cy_ble_aios.o"
Deleting file ".\CortexM0p\ARM_GCC_541\Debug\cy_ble_bas.o"
Deleting file ".\CortexM0p\ARM_GCC_541\Debug\cy_ble_bcs.o"
Deleting file ".\CortexM0p\ARM_GCC_541\Debug\cy_ble_bls.o"
Deleting file ".\CortexM0p\ARM_GCC_541\Debug\cy_ble_bms.o"
Deleting file ".\CortexM0p\ARM_GCC_541\Debug\cy_ble_bts.o"
Deleting file ".\CortexM0p\ARM_GCC_541\Debug\cy_ble_cgms.o"
Deleting file ".\CortexM0p\ARM_GCC_541\Debug\cy_ble_cps.o"
Deleting file ".\CortexM0p\ARM_GCC_541\Debug\cy_ble_cscs.o"
Deleting file ".\CortexM0p\ARM_GCC_541\Debug\cy_ble_cts.o"
Deleting file ".\CortexM0p\ARM_GCC_541\Debug\cy_ble_custom.o"
Deleting file ".\CortexM0p\ARM_GCC_541\Debug\cy_ble_dis.o"
Deleting file ".\CortexM0p\ARM_GCC_541\Debug\cy_ble_ess.o"
Deleting file ".\CortexM0p\ARM_GCC_541\Debug\cy_ble_gls.o"
Deleting file ".\CortexM0p\ARM_GCC_541\Debug\cy_ble_hids.o"
Deleting file ".\CortexM0p\ARM_GCC_541\Debug\cy_ble_hps.o"
Deleting file ".\CortexM0p\ARM_GCC_541\Debug\cy_ble_hrs.o"
Deleting file ".\CortexM0p\ARM_GCC_541\Debug\cy_ble_hts.o"
Deleting file ".\CortexM0p\ARM_GCC_541\Debug\cy_ble_ias.o"
Deleting file ".\CortexM0p\ARM_GCC_541\Debug\cy_ble_ips.o"
Deleting file ".\CortexM0p\ARM_GCC_541\Debug\cy_ble_lls.o"
Deleting file ".\CortexM0p\ARM_GCC_541\Debug\cy_ble_lns.o"
Deleting file ".\CortexM0p\ARM_GCC_541\Debug\cy_ble_ndcs.o"
Deleting file ".\CortexM0p\ARM_GCC_541\Debug\cy_ble_plxs.o"
Deleting file ".\CortexM0p\ARM_GCC_541\Debug\cy_ble_pass.o"
Deleting file ".\CortexM0p\ARM_GCC_541\Debug\cy_ble_rscs.o"
Deleting file ".\CortexM0p\ARM_GCC_541\Debug\cy_ble_rtus.o"
Deleting file ".\CortexM0p\ARM_GCC_541\Debug\cy_ble_scps.o"
Deleting file ".\CortexM0p\ARM_GCC_541\Debug\cy_ble_tps.o"
Deleting file ".\CortexM0p\ARM_GCC_541\Debug\cy_ble_uds.o"
Deleting file ".\CortexM0p\ARM_GCC_541\Debug\cy_ble_wpts.o"
Deleting file ".\CortexM0p\ARM_GCC_541\Debug\cy_ble_wss.o"
Deleting file ".\CortexM0p\ARM_GCC_541\Debug\cy_ble_clk.o"
Deleting file ".\CortexM0p\ARM_GCC_541\Debug\BLE.o"
Deleting file ".\CortexM0p\ARM_GCC_541\Debug\BLE_config.o"
Deleting file ".\CortexM0p\ARM_GCC_541\Debug\BLE_custom_config.o"
Deleting file ".\CortexM0p\ARM_GCC_541\Debug\EInkDisplay_Rev02.hex"
Deleting file ".\CortexM0p\ARM_GCC_541\Debug\EInkDisplay_Rev02.elf"
Deleting file ".\CortexM0p\ARM_GCC_541\Debug\EInkDisplay_Rev02.map"
Deleting file ".\EInkDisplay_Rev02.cycdx"
Deleting file ".\EInkDisplay_Rev02.svd"
Deleting file ".\EInkDisplay_Rev02.rpt"
Deleting file ".\EInkDisplay_Rev02_timing.html"
Deleting file ".\CortexM0p\ARM_GCC_541\Debug\.deps\SOURCE_C__ARM_GCC_GENERIC.P"
Deleting file ".\CortexM4\ARM_GCC_541\Debug\startup_psoc6_01_cm4.o"
Deleting file ".\CortexM4\ARM_GCC_541\Debug\main_cm4.o"
Deleting file ".\CortexM4\ARM_GCC_541\Debug\system_psoc6_cm4.o"
Deleting file ".\CortexM4\ARM_GCC_541\Debug\Cypress Logo Full Color_PNG_1bpp.o"
Deleting file ".\CortexM4\ARM_GCC_541\Debug\GUIConf.o"
Deleting file ".\CortexM4\ARM_GCC_541\Debug\GUI_X.o"
Deleting file ".\CortexM4\ARM_GCC_541\Debug\LCDConf.o"
Deleting file ".\CortexM4\ARM_GCC_541\Debug\cyfitter_sysint_cfg.o"
Deleting file ".\CortexM4\ARM_GCC_541\Debug\cymetadata.o"
Deleting file ".\CortexM4\ARM_GCC_541\Debug\CY_EINK_SPIM.o"
Deleting file ".\CortexM4\ARM_GCC_541\Debug\CY_EINK_Timer.o"
Deleting file ".\CortexM4\ARM_GCC_541\Debug\Status_SW2.o"
Deleting file ".\CortexM4\ARM_GCC_541\Debug\cy_efuse.o"
Deleting file ".\CortexM4\ARM_GCC_541\Debug\cy_flash.o"
Deleting file ".\CortexM4\ARM_GCC_541\Debug\cy_gpio.o"
Deleting file ".\CortexM4\ARM_GCC_541\Debug\cy_ipc_drv.o"
Deleting file ".\CortexM4\ARM_GCC_541\Debug\cy_ipc_sema.o"
Deleting file ".\CortexM4\ARM_GCC_541\Debug\cy_ipc_pipe.o"
Deleting file ".\CortexM4\ARM_GCC_541\Debug\cy_lvd.o"
Deleting file ".\CortexM4\ARM_GCC_541\Debug\cy_profile.o"
Deleting file ".\CortexM4\ARM_GCC_541\Debug\cy_prot.o"
Deleting file ".\CortexM4\ARM_GCC_541\Debug\cy_scb_common.o"
Deleting file ".\CortexM4\ARM_GCC_541\Debug\cy_scb_i2c.o"
Deleting file ".\CortexM4\ARM_GCC_541\Debug\cy_scb_ezi2c.o"
Deleting file ".\CortexM4\ARM_GCC_541\Debug\cy_scb_spi.o"
Deleting file ".\CortexM4\ARM_GCC_541\Debug\cy_scb_uart.o"
Deleting file ".\CortexM4\ARM_GCC_541\Debug\cy_sysanalog.o"
Deleting file ".\CortexM4\ARM_GCC_541\Debug\cy_sysclk.o"
Deleting file ".\CortexM4\ARM_GCC_541\Debug\cy_sysint.o"
Deleting file ".\CortexM4\ARM_GCC_541\Debug\cy_syslib.o"
Deleting file ".\CortexM4\ARM_GCC_541\Debug\cy_syslib_gcc.o"
Deleting file ".\CortexM4\ARM_GCC_541\Debug\cy_syspm.o"
Deleting file ".\CortexM4\ARM_GCC_541\Debug\cy_systick.o"
Deleting file ".\CortexM4\ARM_GCC_541\Debug\cy_tcpwm_counter.o"
Deleting file ".\CortexM4\ARM_GCC_541\Debug\cy_tcpwm_pwm.o"
Deleting file ".\CortexM4\ARM_GCC_541\Debug\cy_tcpwm_quaddec.o"
Deleting file ".\CortexM4\ARM_GCC_541\Debug\cy_trigmux.o"
Deleting file ".\CortexM4\ARM_GCC_541\Debug\cy_wdt.o"
Deleting file ".\CortexM4\ARM_GCC_541\Debug\cy_device.o"
Deleting file ".\CortexM4\ARM_GCC_541\Debug\cy_ble.o"
Deleting file ".\CortexM4\ARM_GCC_541\Debug\cy_ble_hal_int.o"
Deleting file ".\CortexM4\ARM_GCC_541\Debug\cy_ble_hal_pvt.o"
Deleting file ".\CortexM4\ARM_GCC_541\Debug\cy_ble_gap.o"
Deleting file ".\CortexM4\ARM_GCC_541\Debug\cy_ble_gatt.o"
Deleting file ".\CortexM4\ARM_GCC_541\Debug\cy_ble_event_handler.o"
Deleting file ".\CortexM4\ARM_GCC_541\Debug\cy_ble_ancs.o"
Deleting file ".\CortexM4\ARM_GCC_541\Debug\cy_ble_ans.o"
Deleting file ".\CortexM4\ARM_GCC_541\Debug\cy_ble_aios.o"
Deleting file ".\CortexM4\ARM_GCC_541\Debug\cy_ble_bas.o"
Deleting file ".\CortexM4\ARM_GCC_541\Debug\cy_ble_bcs.o"
Deleting file ".\CortexM4\ARM_GCC_541\Debug\cy_ble_bls.o"
Deleting file ".\CortexM4\ARM_GCC_541\Debug\cy_ble_bms.o"
Deleting file ".\CortexM4\ARM_GCC_541\Debug\cy_ble_bts.o"
Deleting file ".\CortexM4\ARM_GCC_541\Debug\cy_ble_cgms.o"
Deleting file ".\CortexM4\ARM_GCC_541\Debug\cy_ble_cps.o"
Deleting file ".\CortexM4\ARM_GCC_541\Debug\cy_ble_cscs.o"
Deleting file ".\CortexM4\ARM_GCC_541\Debug\cy_ble_cts.o"
Deleting file ".\CortexM4\ARM_GCC_541\Debug\cy_ble_custom.o"
Deleting file ".\CortexM4\ARM_GCC_541\Debug\cy_ble_dis.o"
Deleting file ".\CortexM4\ARM_GCC_541\Debug\cy_ble_ess.o"
Deleting file ".\CortexM4\ARM_GCC_541\Debug\cy_ble_gls.o"
Deleting file ".\CortexM4\ARM_GCC_541\Debug\cy_ble_hids.o"
Deleting file ".\CortexM4\ARM_GCC_541\Debug\cy_ble_hps.o"
Deleting file ".\CortexM4\ARM_GCC_541\Debug\cy_ble_hrs.o"
Deleting file ".\CortexM4\ARM_GCC_541\Debug\cy_ble_hts.o"
Deleting file ".\CortexM4\ARM_GCC_541\Debug\cy_ble_ias.o"
Deleting file ".\CortexM4\ARM_GCC_541\Debug\cy_ble_ips.o"
Deleting file ".\CortexM4\ARM_GCC_541\Debug\cy_ble_lls.o"
Deleting file ".\CortexM4\ARM_GCC_541\Debug\cy_ble_lns.o"
Deleting file ".\CortexM4\ARM_GCC_541\Debug\cy_ble_ndcs.o"
Deleting file ".\CortexM4\ARM_GCC_541\Debug\cy_ble_plxs.o"
Deleting file ".\CortexM4\ARM_GCC_541\Debug\cy_ble_pass.o"
Deleting file ".\CortexM4\ARM_GCC_541\Debug\cy_ble_rscs.o"
Deleting file ".\CortexM4\ARM_GCC_541\Debug\cy_ble_rtus.o"
Deleting file ".\CortexM4\ARM_GCC_541\Debug\cy_ble_scps.o"
Deleting file ".\CortexM4\ARM_GCC_541\Debug\cy_ble_tps.o"
Deleting file ".\CortexM4\ARM_GCC_541\Debug\cy_ble_uds.o"
Deleting file ".\CortexM4\ARM_GCC_541\Debug\cy_ble_wpts.o"
Deleting file ".\CortexM4\ARM_GCC_541\Debug\cy_ble_wss.o"
Deleting file ".\CortexM4\ARM_GCC_541\Debug\cy_ble_clk.o"
Deleting file ".\CortexM4\ARM_GCC_541\Debug\BLE.o"
Deleting file ".\CortexM4\ARM_GCC_541\Debug\BLE_config.o"
Deleting file ".\CortexM4\ARM_GCC_541\Debug\BLE_custom_config.o"
Deleting file ".\CortexM4\ARM_GCC_541\Debug\EInkDisplay_Rev02.hex"
Deleting file ".\CortexM4\ARM_GCC_541\Debug\EInkDisplay_Rev02.elf"
Deleting file ".\CortexM4\ARM_GCC_541\Debug\EInkDisplay_Rev02.map"
Deleting file ".\CortexM4\ARM_GCC_541\Debug\.deps\SOURCE_C__ARM_GCC_GENERIC.P"
cydsfit.exe -.appdatapath "C:\Users\Dickbutt\AppData\Local\Cypress Semiconductor\PSoC Creator\4.2" -.fdsnotice -.fdswarpdepfile=warp_dependencies.txt -.fdselabdepfile=elab_dependencies.txt -.fdsbldfile=generated_files.txt -.fdsreffile=referenced_files.txt -p E:\Development\Cypress\Projects\EInkDisplay_Rev02\EInkDisplay_Rev02.cydsn\EInkDisplay_Rev02.cyprj -d CY8C6347BZI-BLD53 -s E:\Development\Cypress\Projects\EInkDisplay_Rev02\EInkDisplay_Rev02.cydsn\Generated_Source\PSoC6 -- -yv2 -q10 -ygs -o2 -v3 -.fftcfgtype=LE
ADD: fit.M0067: information: Clock Information: (The WCO is enabled. Chip startup will be slower because clock configuration cannot continue until the WCO is ready. See the device datasheet for WCO startup timing. If WCO is not required during startup, consider starting it in main() for faster chip startup.).
 * E:\Development\Cypress\Projects\EInkDisplay_Rev02\EInkDisplay_Rev02.cydsn\EInkDisplay_Rev02.cydwr (WCO)
Elaborating Design...
HDL Generation...
Synthesis...
Tech Mapping...
Info: plm.M0038: The pin named CY_SRSS_WCO_IN(0) at location P0[0] prevents usage of special purposes: TCPWM[0].line. (App=cydsfit)
Info: plm.M0038: The pin named CY_SRSS_WCO_IN(0) at location P0[0] prevents usage of special purposes: TCPWM[8].line. (App=cydsfit)
Info: plm.M0038: The pin named CY_SRSS_WCO_IN(0) at location P0[0] prevents usage of special purposes: SCB[0].spi_select[1]. (App=cydsfit)
Info: plm.M0038: The pin named CY_SRSS_WCO_OUT(0) at location P0[1] prevents usage of special purposes: TCPWM[0].line_compl. (App=cydsfit)
Info: plm.M0038: The pin named CY_SRSS_WCO_OUT(0) at location P0[1] prevents usage of special purposes: TCPWM[8].line_compl. (App=cydsfit)
Info: plm.M0038: The pin named CY_SRSS_WCO_OUT(0) at location P0[1] prevents usage of special purposes: SCB[0].spi_select[2]. (App=cydsfit)
Info: plm.M0038: The pin named CY_SRSS_WCO_OUT(0) at location P0[1] prevents usage of special purposes: CPUSS[0].swj_trstn. (App=cydsfit)
Info: plm.M0038: The pin named CY_CPUSS_SWJ_SWCLK_TCLK(0) at location P6[7] prevents usage of special purposes: TCPWM[3].line_compl. (App=cydsfit)
Info: plm.M0038: The pin named CY_CPUSS_SWJ_SWCLK_TCLK(0) at location P6[7] prevents usage of special purposes: TCPWM[19].line_compl. (App=cydsfit)
Info: plm.M0038: The pin named CY_CPUSS_SWJ_SWCLK_TCLK(0) at location P6[7] prevents usage of special purposes: SCB[6].uart_cts. (App=cydsfit)
Info: plm.M0038: The pin named CY_CPUSS_SWJ_SWCLK_TCLK(0) at location P6[7] prevents usage of special purposes: SCB[6].spi_select[0]. (App=cydsfit)
Info: plm.M0038: The pin named CY_CPUSS_SWJ_SWCLK_TCLK(0) at location P6[7] prevents usage of special purposes: SCB[8].spi_select[0]. (App=cydsfit)
Info: plm.M0038: The pin named CY_CPUSS_SWJ_SWCLK_TCLK(0) at location P6[7] prevents usage of special purposes: SRSS[0].swd_clk. (App=cydsfit)
Info: plm.M0038: The pin named CY_CPUSS_SWJ_SWDIO_TMS(0) at location P6[6] prevents usage of special purposes: TCPWM[3].line. (App=cydsfit)
Info: plm.M0038: The pin named CY_CPUSS_SWJ_SWDIO_TMS(0) at location P6[6] prevents usage of special purposes: TCPWM[19].line. (App=cydsfit)
Info: plm.M0038: The pin named CY_CPUSS_SWJ_SWDIO_TMS(0) at location P6[6] prevents usage of special purposes: SCB[6].uart_rts. (App=cydsfit)
Info: plm.M0038: The pin named CY_CPUSS_SWJ_SWDIO_TMS(0) at location P6[6] prevents usage of special purposes: SCB[6].spi_clk. (App=cydsfit)
Info: plm.M0038: The pin named CY_CPUSS_SWJ_SWDIO_TMS(0) at location P6[6] prevents usage of special purposes: SCB[8].spi_clk. (App=cydsfit)
Info: plm.M0038: The pin named CY_CPUSS_SWJ_SWDIO_TMS(0) at location P6[6] prevents usage of special purposes: SRSS[0].swd_data. (App=cydsfit)
Analog Placement...
Analog Routing...
Analog Code Generation...
Digital Placement...
Digital Routing...
Bitstream Generation...
Bitstream Verification...
Static timing analysis...
API Generation...
Dependency Generation...
Cleanup...
arm-none-eabi-gcc.exe -mcpu=cortex-m0plus -mthumb -I.\Config -I.\GUI\Core -I.\GUI\DisplayDriver "-I.\eInk Library" -I. -IGenerated_Source\PSoC6 -IGenerated_Source\PSoC6\pdl\cmsis/include/ -IGenerated_Source\PSoC6\pdl\devices/psoc6/include/ -IGenerated_Source\PSoC6\pdl\devices/psoc6/include/ip/ -IGenerated_Source\PSoC6\pdl\drivers/peripheral/ -IGenerated_Source\PSoC6\pdl\drivers/peripheral/device/ -IGenerated_Source\PSoC6\pdl\drivers/peripheral/efuse/ -IGenerated_Source\PSoC6\pdl\drivers/peripheral/flash/ -IGenerated_Source\PSoC6\pdl\drivers/peripheral/gpio/ -IGenerated_Source\PSoC6\pdl\drivers/peripheral/ipc/ -IGenerated_Source\PSoC6\pdl\drivers/peripheral/lvd/ -IGenerated_Source\PSoC6\pdl\drivers/peripheral/profile/ -IGenerated_Source\PSoC6\pdl\drivers/peripheral/prot/ -IGenerated_Source\PSoC6\pdl\drivers/peripheral/scb/ -IGenerated_Source\PSoC6\pdl\drivers/peripheral/sysanalog/ -IGenerated_Source\PSoC6\pdl\drivers/peripheral/sysclk/ -IGenerated_Source\PSoC6\pdl\drivers/peripheral/sysint/ -IGenerated_Source\PSoC6\pdl\drivers/peripheral/syslib/ -IGenerated_Source\PSoC6\pdl\drivers/peripheral/syspm/ -IGenerated_Source\PSoC6\pdl\drivers/peripheral/systick/ -IGenerated_Source\PSoC6\pdl\drivers/peripheral/tcpwm/ -IGenerated_Source\PSoC6\pdl\drivers/peripheral/trigmux/ -IGenerated_Source\PSoC6\pdl\drivers/peripheral/wdt/ -IGenerated_Source\PSoC6\pdl\middleware/ -IGenerated_Source\PSoC6\pdl\middleware/emWin/code/drivers/BitPlains/ -IGenerated_Source\PSoC6\pdl\middleware/emWin/code/include/ -IGenerated_Source\PSoC6\pdl\middleware/emWin/code/include/nosnts_softfp/ -Wa,-alh=.\CortexM0p\ARM_GCC_541\Debug/startup_psoc6_01_cm0plus.lst -g -D DEBUG -D CY_CORE_ID=0 -D CY_PSOC_CREATOR_USED=1 -D CY8C6347BZI_BLD53 -Wall -ffunction-sections -ffat-lto-objects -Og -c gcc\startup_psoc6_01_cm0plus.S -o .\CortexM0p\ARM_GCC_541\Debug\startup_psoc6_01_cm0plus.o
arm-none-eabi-gcc.exe -mcpu=cortex-m0plus -mthumb -I.\Config -I.\GUI\Core -I.\GUI\DisplayDriver "-I.\eInk Library" -I. -IGenerated_Source\PSoC6 -IGenerated_Source\PSoC6\pdl\cmsis/include/ -IGenerated_Source\PSoC6\pdl\devices/psoc6/include/ -IGenerated_Source\PSoC6\pdl\devices/psoc6/include/ip/ -IGenerated_Source\PSoC6\pdl\drivers/peripheral/ -IGenerated_Source\PSoC6\pdl\drivers/peripheral/device/ -IGenerated_Source\PSoC6\pdl\drivers/peripheral/efuse/ -IGenerated_Source\PSoC6\pdl\drivers/peripheral/flash/ -IGenerated_Source\PSoC6\pdl\drivers/peripheral/gpio/ -IGenerated_Source\PSoC6\pdl\drivers/peripheral/ipc/ -IGenerated_Source\PSoC6\pdl\drivers/peripheral/lvd/ -IGenerated_Source\PSoC6\pdl\drivers/peripheral/profile/ -IGenerated_Source\PSoC6\pdl\drivers/peripheral/prot/ -IGenerated_Source\PSoC6\pdl\drivers/peripheral/scb/ -IGenerated_Source\PSoC6\pdl\drivers/peripheral/sysanalog/ -IGenerated_Source\PSoC6\pdl\drivers/peripheral/sysclk/ -IGenerated_Source\PSoC6\pdl\drivers/peripheral/sysint/ -IGenerated_Source\PSoC6\pdl\drivers/peripheral/syslib/ -IGenerated_Source\PSoC6\pdl\drivers/peripheral/syspm/ -IGenerated_Source\PSoC6\pdl\drivers/peripheral/systick/ -IGenerated_Source\PSoC6\pdl\drivers/peripheral/tcpwm/ -IGenerated_Source\PSoC6\pdl\drivers/peripheral/trigmux/ -IGenerated_Source\PSoC6\pdl\drivers/peripheral/wdt/ -IGenerated_Source\PSoC6\pdl\middleware/ -IGenerated_Source\PSoC6\pdl\middleware/emWin/code/drivers/BitPlains/ -IGenerated_Source\PSoC6\pdl\middleware/emWin/code/include/ -IGenerated_Source\PSoC6\pdl\middleware/emWin/code/include/nosnts_softfp/ -Wa,-alh=.\CortexM0p\ARM_GCC_541\Debug/main_cm0p.lst -g -D DEBUG -D CY_CORE_ID=0 -D CY_PSOC_CREATOR_USED=1 -D CY8C6347BZI_BLD53 -Wall -ffunction-sections -ffat-lto-objects -Og -c main_cm0p.c -o .\CortexM0p\ARM_GCC_541\Debug\main_cm0p.o
main_cm0p.c: In function 'BLECallBack':
main_cm0p.c:120:13: warning: implicit declaration of function 'Cy_BLE_GAPP_StartAdvertisement' [-Wimplicit-function-declaration]
             Cy_BLE_GAPP_StartAdvertisement(CY_BLE_ADVERTISING_SLOW, CY_BLE_PERIPHERAL_CONFIGURATION_0_INDEX);
             ^
main_cm0p.c:120:44: error: 'CY_BLE_ADVERTISING_SLOW' undeclared (first use in this function)
             Cy_BLE_GAPP_StartAdvertisement(CY_BLE_ADVERTISING_SLOW, CY_BLE_PERIPHERAL_CONFIGURATION_0_INDEX);
                                            ^
main_cm0p.c:120:44: note: each undeclared identifier is reported only once for each function it appears in
The command 'arm-none-eabi-gcc.exe' failed with exit code '1'.
--------------- Rebuild Failed: 03/23/2019 13:34:00 ---------------
